#
# There is insufficient memory for the Java Runtime Environment to continue.
# Native memory allocation (mmap) failed to map 234881024 bytes for G1 virtual space
# Possible reasons:
#   The system is out of physical RAM or swap space
#   The process is running with CompressedOops enabled, and the Java Heap may be blocking the growth of the native heap
# Possible solutions:
#   Reduce memory load on the system
#   Increase physical memory or swap space
#   Check if swap backing store is full
#   Decrease Java heap size (-Xmx/-Xms)
#   Decrease number of Java threads
#   Decrease Java thread stack sizes (-Xss)
#   Set larger code cache with -XX:ReservedCodeCacheSize=
#   JVM is running with Zero Based Compressed Oops mode in which the Java heap is
#     placed in the first 32GB address space. The Java Heap base address is the
#     maximum limit for the native heap growth. Please use -XX:HeapBaseMinAddress
#     to set the Java Heap base and to place the Java Heap above 32GB virtual address.
# This output file may be truncated or incomplete.
#
#  Out of Memory Error (os_windows.cpp:3527), pid=16380, tid=14716
#
# JRE version:  (19.0.1+10) (build )
# Java VM: Java HotSpot(TM) 64-Bit Server VM (19.0.1+10-21, mixed mode, sharing, tiered, compressed oops, compressed class ptrs, g1 gc, windows-amd64)
# No core dump will be written. Minidumps are not enabled by default on client versions of Windows
#

---------------  S U M M A R Y ------------

Command Line: -Dfile.encoding=UTF-8 --module-path=D:\User\Jansen\Self Study\2023 - 05 - MAY\Java Ant\Spotify\build\classes spotify.main.Main

Host: AMD Ryzen 3 3200G with Radeon Vega Graphics    , 4 cores, 13G,  Windows 10 , 64 bit Build 19041 (10.0.19041.2788)
Time: Fri May  5 16:27:11 2023 China Standard Time elapsed time: 0.036457 seconds (0d 0h 0m 0s)

---------------  T H R E A D  ---------------

Current thread (0x000001dc58c59a80):  JavaThread "Unknown thread" [_thread_in_vm, id=14716, stack(0x000000da32900000,0x000000da32a00000)]

Stack: [0x000000da32900000,0x000000da32a00000]
Native frames: (J=compiled Java code, j=interpreted, Vv=VM code, C=native code)
V  [jvm.dll+0x6ee8fa]
V  [jvm.dll+0x857a1e]
V  [jvm.dll+0x85940e]
V  [jvm.dll+0x859ac3]
V  [jvm.dll+0x28291f]
V  [jvm.dll+0x6eb6e9]
V  [jvm.dll+0x6e028a]
V  [jvm.dll+0x357136]
V  [jvm.dll+0x35eb96]
V  [jvm.dll+0x3b555e]
V  [jvm.dll+0x3b578f]
V  [jvm.dll+0x32c6ea]
V  [jvm.dll+0x32d59e]
V  [jvm.dll+0x821b20]
V  [jvm.dll+0x3c27c1]
V  [jvm.dll+0x8022f1]
V  [jvm.dll+0x44b30f]
V  [jvm.dll+0x44cc91]
C  [jli.dll+0x5287]
C  [ucrtbase.dll+0x21bb2]
C  [KERNEL32.DLL+0x17604]
C  [ntdll.dll+0x526a1]


---------------  P R O C E S S  ---------------

Threads class SMR info:
_java_thread_list=0x00007ffa5374d048, length=0, elements={
}

Java Threads: ( => current thread )

Other Threads:
  0x000001dc58cc1ba0 WorkerThread "GC Thread#0" [stack: 0x000000da32a00000,0x000000da32b00000] [id=11408]
  0x000001dc58cd0af0 ConcurrentGCThread "G1 Main Marker" [stack: 0x000000da32b00000,0x000000da32c00000] [id=1696]
  0x000001dc58cd1bd0 WorkerThread "G1 Conc#0" [stack: 0x000000da32c00000,0x000000da32d00000] [id=18312]

[error occurred during error reporting (printing all threads), id 0xc0000005, EXCEPTION_ACCESS_VIOLATION (0xc0000005) at pc=0x00007ffa52f0d127]

VM state: not at safepoint (not fully initialized)

VM Mutex/Monitor currently owned by a thread:  ([mutex/lock_event])
[0x000001dc58c545b0] Heap_lock - owner thread: 0x000001dc58c59a80

Heap address: 0x0000000720c00000, size: 3572 MB, Compressed Oops mode: Zero based, Oop shift amount: 3

CDS archive(s) mapped at: [0x0000000000000000-0x0000000000000000-0x0000000000000000), size 0, SharedBaseAddress: 0x0000000800000000, ArchiveRelocationMode: 0.
Narrow klass base: 0x0000000000000000, Narrow klass shift: 0, Narrow klass range: 0x0

GC Precious Log:
 CardTable entry size: 512
 Card Set container configuration: InlinePtr #cards 4 size 8 Array Of Cards #cards 16 size 48 Howl #buckets 8 coarsen threshold 3686 Howl Bitmap #cards 512 size 80 coarsen threshold 460 Card regions per heap region 1 cards per card region 4096

Heap:
 garbage-first heap   total 0K, used 0K [0x0000000720c00000, 0x0000000800000000)
  region size 2048K, 0 young (0K), 0 survivors (0K)

[error occurred during error reporting (printing heap information), id 0xc0000005, EXCEPTION_ACCESS_VIOLATION (0xc0000005) at pc=0x00007ffa53316959]

GC Heap History (0 events):
No events

Dll operation events (1 events):
Event: 0.008 Loaded shared library D:\Program Files\Java\bin\java.dll

Deoptimization events (0 events):
No events

Classes loaded (0 events):
No events

Classes unloaded (0 events):
No events

Classes redefined (0 events):
No events

Internal exceptions (0 events):
No events

VM Operations (0 events):
No events

Events (0 events):
No events


Dynamic libraries:
0x00007ff6585e0000 - 0x00007ff6585f0000 	D:\Program Files\Java\bin\java.exe
0x00007ffac1eb0000 - 0x00007ffac20a8000 	C:\Windows\SYSTEM32\ntdll.dll
0x00007ffac13c0000 - 0x00007ffac147f000 	C:\Windows\System32\KERNEL32.DLL
0x00007ffabf5f0000 - 0x00007ffabf8ca000 	C:\Windows\System32\KERNELBASE.dll
0x00007ffabfe10000 - 0x00007ffabff10000 	C:\Windows\System32\ucrtbase.dll
0x00007ffab1cc0000 - 0x00007ffab1cdb000 	D:\Program Files\Java\bin\VCRUNTIME140.dll
0x00007ffaba920000 - 0x00007ffaba938000 	D:\Program Files\Java\bin\jli.dll
0x00007ffac11f0000 - 0x00007ffac129e000 	C:\Windows\System32\ADVAPI32.dll
0x00007ffac0830000 - 0x00007ffac08ce000 	C:\Windows\System32\msvcrt.dll
0x00007ffabffc0000 - 0x00007ffac005c000 	C:\Windows\System32\sechost.dll
0x00007ffac10c0000 - 0x00007ffac11e6000 	C:\Windows\System32\RPCRT4.dll
0x00007ffac0d50000 - 0x00007ffac0eed000 	C:\Windows\System32\USER32.dll
0x00007ffabf5c0000 - 0x00007ffabf5e2000 	C:\Windows\System32\win32u.dll
0x00007ffaa80c0000 - 0x00007ffaa835a000 	C:\Windows\WinSxS\amd64_microsoft.windows.common-controls_6595b64144ccf1df_6.0.19041.1110_none_60b5254171f9507e\COMCTL32.dll
0x00007ffac1510000 - 0x00007ffac153b000 	C:\Windows\System32\GDI32.dll
0x00007ffabfb20000 - 0x00007ffabfc30000 	C:\Windows\System32\gdi32full.dll
0x00007ffabf920000 - 0x00007ffabf9bd000 	C:\Windows\System32\msvcp_win.dll
0x00007ffab7380000 - 0x00007ffab738a000 	C:\Windows\SYSTEM32\VERSION.dll
0x00007ffac1e40000 - 0x00007ffac1e70000 	C:\Windows\System32\IMM32.DLL
0x00007ffabbdf0000 - 0x00007ffabbdfc000 	D:\Program Files\Java\bin\vcruntime140_1.dll
0x00007ffa7dfc0000 - 0x00007ffa7e04e000 	D:\Program Files\Java\bin\msvcp140.dll
0x00007ffa52bd0000 - 0x00007ffa53890000 	D:\Program Files\Java\bin\server\jvm.dll
0x00007ffab4fb0000 - 0x00007ffab4fd7000 	C:\Windows\SYSTEM32\WINMM.dll
0x00007ffaa9b10000 - 0x00007ffaa9b19000 	C:\Windows\SYSTEM32\WSOCK32.dll
0x00007ffac0f10000 - 0x00007ffac0f7b000 	C:\Windows\System32\WS2_32.dll
0x00007ffabd4a0000 - 0x00007ffabd4b2000 	C:\Windows\SYSTEM32\kernel.appcore.dll
0x00007ffaba850000 - 0x00007ffaba85a000 	D:\Program Files\Java\bin\jimage.dll
0x00007ffab0f70000 - 0x00007ffab1154000 	C:\Windows\SYSTEM32\DBGHELP.DLL
0x00007ffaa8360000 - 0x00007ffaa8394000 	C:\Windows\SYSTEM32\dbgcore.DLL
0x00007ffabfd80000 - 0x00007ffabfe02000 	C:\Windows\System32\bcryptPrimitives.dll
0x00007ffa86dc0000 - 0x00007ffa86de6000 	D:\Program Files\Java\bin\java.dll

dbghelp: loaded successfully - version: 4.0.5 - missing functions: none
symbol engine: initialized successfully - sym options: 0x614 - pdb path: .;D:\Program Files\Java\bin;C:\Windows\SYSTEM32;C:\Windows\WinSxS\amd64_microsoft.windows.common-controls_6595b64144ccf1df_6.0.19041.1110_none_60b5254171f9507e;D:\Program Files\Java\bin\server

VM Arguments:
jvm_args: -Dfile.encoding=UTF-8 --module-path=D:\User\Jansen\Self Study\2023 - 05 - MAY\Java Ant\Spotify\build\classes 
java_command: spotify.main.Main
java_class_path (initial): D:\Program Files\NetBeans-16\netbeans\java\modules\ext\AbsoluteLayout.jar;D:\User\Jansen\Self Study\2023 - 05 - MAY\Java Ant\Spotify\build\classes
Launcher Type: SUN_STANDARD

[Global flags]
     intx CICompilerCount                          = 3                                         {product} {ergonomic}
     uint ConcGCThreads                            = 1                                         {product} {ergonomic}
     uint G1ConcRefinementThreads                  = 4                                         {product} {ergonomic}
   size_t G1HeapRegionSize                         = 2097152                                   {product} {ergonomic}
    uintx GCDrainStackTargetSize                   = 64                                        {product} {ergonomic}
   size_t InitialHeapSize                          = 234881024                                 {product} {ergonomic}
   size_t MarkStackSize                            = 4194304                                   {product} {ergonomic}
   size_t MaxHeapSize                              = 3745513472                                {product} {ergonomic}
   size_t MinHeapDeltaBytes                        = 2097152                                   {product} {ergonomic}
   size_t MinHeapSize                              = 8388608                                   {product} {ergonomic}
    uintx NonNMethodCodeHeapSize                   = 5832780                                {pd product} {ergonomic}
    uintx NonProfiledCodeHeapSize                  = 122912730                              {pd product} {ergonomic}
    uintx ProfiledCodeHeapSize                     = 122912730                              {pd product} {ergonomic}
    uintx ReservedCodeCacheSize                    = 251658240                              {pd product} {ergonomic}
     bool SegmentedCodeCache                       = true                                      {product} {ergonomic}
   size_t SoftMaxHeapSize                          = 3745513472                             {manageable} {ergonomic}
     bool UseCompressedClassPointers               = true                           {product lp64_product} {ergonomic}
     bool UseCompressedOops                        = true                           {product lp64_product} {ergonomic}
     bool UseG1GC                                  = true                                      {product} {ergonomic}
     bool UseLargePagesIndividualAllocation        = false                                  {pd product} {ergonomic}

Logging:
Log output configuration:
 #0: stdout all=warning uptime,level,tags foldmultilines=false
 #1: stderr all=off uptime,level,tags foldmultilines=false

Environment Variables:
PATH=C:\Program Files\Microsoft\jdk-11.0.12.7-hotspot\bin;C:\Program Files\Common Files\Oracle\Java\javapath;C:\Program Files (x86)\Common Files\Intel\Shared Libraries\redist\intel64\compiler;C:\Windows\system32;C:\Windows;C:\Windows\System32\Wbem;C:\Windows\System32\WindowsPowerShell\v1.0\;C:\Windows\System32\OpenSSH\;C:\Program Files\dotnet\;C:\Program Files (x86)\Microsoft SQL Server\100\Tools\Binn\;C:\Program Files\Microsoft SQL Server\100\Tools\Binn\;C:\Program Files\Microsoft SQL Server\100\DTS\Binn\;C:\Program Files\Microsoft SQL Server\Client SDK\ODBC\170\Tools\Binn\;C:\Program Files (x86)\Microsoft SQL Server\150\Tools\Binn\;C:\Program Files\Microsoft SQL Server\150\Tools\Binn\;C:\Program Files\Microsoft SQL Server\150\DTS\Binn\;C:\Program Files (x86)\Microsoft SQL Server\150\DTS\Binn\;C:\Program Files\Azure Data Studio\bin;C:\Program Files\Microsoft SQL Server\130\Tools\Binn\;D:\Program Files\Git\cmd;C:\Users\user\AppData\Roaming\npm;C:\Users\user\AppData\Roaming\nvm;C:\Program Files\nodejs;D:\Program Files\Python;C:\Users\user\AppData\Local\Programs\Microsoft VS Code\bin;C:\Users\user\AppData\Roaming\npm;C:\Users\user\AppData\Roaming\nvm;C:\Program Files\nodejs;C:\Users\user\.dotnet\tools
USERNAME=user
OS=Windows_NT
PROCESSOR_IDENTIFIER=AMD64 Family 23 Model 24 Stepping 1, AuthenticAMD
TMP=C:\Users\user\AppData\Local\Temp
TEMP=C:\Users\user\AppData\Local\Temp



---------------  S Y S T E M  ---------------

OS:
 Windows 10 , 64 bit Build 19041 (10.0.19041.2788)
OS uptime: 4 days 20:26 hours

CPU: total 4 (initial active 4) (4 cores per cpu, 1 threads per core) family 23 model 24 stepping 1 microcode 0x0, cx8, cmov, fxsr, mmx, 3dnowpref, sse, sse2, sse3, ssse3, sse4a, sse4.1, sse4.2, popcnt, lzcnt, tsc, tscinvbit, avx, avx2, aes, clmul, bmi1, bmi2, adx, sha, fma, vzeroupper, clflush, clflushopt, rdtscp

Memory: 4k page, system-wide physical 14284M (2466M free)
TotalPageFile size 19664M (AvailPageFile size 24M)
current process WorkingSet (physical memory assigned to process): 10M, peak: 10M
current process commit charge ("private bytes"): 52M, peak: 275M

vm_info: Java HotSpot(TM) 64-Bit Server VM (19.0.1+10-21) for windows-amd64 JRE (19.0.1+10-21), built on 2022-09-14T12:45:06Z by "mach5one" with MS VC++ 17.1 (VS2022)

END.
